<?xml version="1.0" encoding="UTF-8"?>
<testsuite name="FractionsEqualsTest" tests="1" skipped="0" failures="0" errors="0" timestamp="2020-05-23T06:46:24" hostname="C02ZT2YXLVDM" time="0.001">
  <properties/>
  <testcase name="negativeFractionAndReducing" classname="FractionsEqualsTest" time="0.001"/>
  <system-out><![CDATA[]]></system-out>
  <system-err><![CDATA[]]></system-err>
</testsuite>
