<?xml version="1.0" encoding="UTF-8"?>
<testsuite name="BoardTests" tests="2" skipped="0" failures="0" errors="0" timestamp="2020-04-27T06:06:47" hostname="C02ZT2YXLVDM" time="0.005">
  <properties/>
  <testcase name="shouldReturnBoardWithMarkXWhenPlayer1Moved" classname="BoardTests" time="0.002"/>
  <testcase name="shouldReturnBoardWithMarkOWhenPlayer2Moved" classname="BoardTests" time="0.001"/>
  <system-out><![CDATA[]]></system-out>
  <system-err><![CDATA[]]></system-err>
</testsuite>
